<?xml version="1.0" encoding="UTF-8"?>
<!-- Generated by org.testng.reporters.JUnitXMLReporter -->
<testsuite hostname="Fernando-PC" ignored="0" name="Surefire test" tests="4" failures="0" timestamp="2022-01-17T17:44:37 GMT" time="66.207" errors="0">
  <testcase name="verifyUserIsAbleToNavigateToTheDesktopPage" time="3.247" classname="org.example.TestSuite"/>
  <testcase name="verifyUserIsAbleToPostAComment" time="3.466" classname="org.example.TestSuite"/>
  <testcase name="verifyUserIsAbleToReferAProduct" time="16.241" classname="org.example.TestSuite"/>
  <testcase name="verifyUserShouldBeAbleToRegisterSuccessfully" time="5.198" classname="org.example.TestSuite"/>
</testsuite> <!-- Surefire test -->
