<?xml version="1.0" encoding="UTF-8"?>
<testng-results skipped="0" failed="0" ignored="0" total="4" passed="4">
  <reporter-output>
  </reporter-output>
  <suite name="Surefire suite" duration-ms="66207" started-at="2022-01-17T17:43:31 GMT" finished-at="2022-01-17T17:44:37 GMT">
    <groups>
    </groups>
    <test name="Surefire test" duration-ms="66207" started-at="2022-01-17T17:43:31 GMT" finished-at="2022-01-17T17:44:37 GMT">
      <class name="org.example.TestSuite">
        <test-method status="PASS" signature="setUpBrowser()[pri:0, instance:org.example.TestSuite@1f28c152]" name="setUpBrowser" is-config="true" duration-ms="15823" started-at="2022-01-17T17:43:31 GMT" finished-at="2022-01-17T17:43:47 GMT">
          <reporter-output>
          </reporter-output>
        </test-method> <!-- setUpBrowser -->
        <test-method status="PASS" signature="verifyUserIsAbleToNavigateToTheDesktopPage()[pri:0, instance:org.example.TestSuite@1f28c152]" name="verifyUserIsAbleToNavigateToTheDesktopPage" duration-ms="3247" started-at="2022-01-17T17:43:47 GMT" finished-at="2022-01-17T17:43:50 GMT">
          <reporter-output>
          </reporter-output>
        </test-method> <!-- verifyUserIsAbleToNavigateToTheDesktopPage -->
        <test-method status="PASS" signature="tearDownBrowser(org.testng.ITestResult)[pri:0, instance:org.example.TestSuite@1f28c152]" name="tearDownBrowser" is-config="true" duration-ms="467" started-at="2022-01-17T17:43:50 GMT" finished-at="2022-01-17T17:43:50 GMT">
          <params>
            <param index="0">
              <value>
                <![CDATA[[TestResult name=verifyUserIsAbleToNavigateToTheDesktopPage status=SUCCESS method=TestSuite.verifyUserIsAbleToNavigateToTheDesktopPage()[pri:0, instance:org.example.TestSuite@1f28c152] output={null}]]]>
              </value>
            </param>
          </params>
          <reporter-output>
          </reporter-output>
        </test-method> <!-- tearDownBrowser -->
        <test-method status="PASS" signature="setUpBrowser()[pri:0, instance:org.example.TestSuite@1f28c152]" name="setUpBrowser" is-config="true" duration-ms="5727" started-at="2022-01-17T17:43:50 GMT" finished-at="2022-01-17T17:43:56 GMT">
          <reporter-output>
          </reporter-output>
        </test-method> <!-- setUpBrowser -->
        <test-method status="PASS" signature="verifyUserIsAbleToPostAComment()[pri:0, instance:org.example.TestSuite@1f28c152]" name="verifyUserIsAbleToPostAComment" duration-ms="3466" started-at="2022-01-17T17:43:56 GMT" finished-at="2022-01-17T17:44:00 GMT">
          <reporter-output>
          </reporter-output>
        </test-method> <!-- verifyUserIsAbleToPostAComment -->
        <test-method status="PASS" signature="tearDownBrowser(org.testng.ITestResult)[pri:0, instance:org.example.TestSuite@1f28c152]" name="tearDownBrowser" is-config="true" duration-ms="432" started-at="2022-01-17T17:44:00 GMT" finished-at="2022-01-17T17:44:00 GMT">
          <params>
            <param index="0">
              <value>
                <![CDATA[[TestResult name=verifyUserIsAbleToPostAComment status=SUCCESS method=TestSuite.verifyUserIsAbleToPostAComment()[pri:0, instance:org.example.TestSuite@1f28c152] output={null}]]]>
              </value>
            </param>
          </params>
          <reporter-output>
          </reporter-output>
        </test-method> <!-- tearDownBrowser -->
        <test-method status="PASS" signature="setUpBrowser()[pri:0, instance:org.example.TestSuite@1f28c152]" name="setUpBrowser" is-config="true" duration-ms="6333" started-at="2022-01-17T17:44:00 GMT" finished-at="2022-01-17T17:44:06 GMT">
          <reporter-output>
          </reporter-output>
        </test-method> <!-- setUpBrowser -->
        <test-method status="PASS" signature="verifyUserIsAbleToReferAProduct()[pri:0, instance:org.example.TestSuite@1f28c152]" name="verifyUserIsAbleToReferAProduct" duration-ms="16241" started-at="2022-01-17T17:44:06 GMT" finished-at="2022-01-17T17:44:23 GMT">
          <reporter-output>
          </reporter-output>
        </test-method> <!-- verifyUserIsAbleToReferAProduct -->
        <test-method status="PASS" signature="tearDownBrowser(org.testng.ITestResult)[pri:0, instance:org.example.TestSuite@1f28c152]" name="tearDownBrowser" is-config="true" duration-ms="852" started-at="2022-01-17T17:44:23 GMT" finished-at="2022-01-17T17:44:24 GMT">
          <params>
            <param index="0">
              <value>
                <![CDATA[[TestResult name=verifyUserIsAbleToReferAProduct status=SUCCESS method=TestSuite.verifyUserIsAbleToReferAProduct()[pri:0, instance:org.example.TestSuite@1f28c152] output={null}]]]>
              </value>
            </param>
          </params>
          <reporter-output>
          </reporter-output>
        </test-method> <!-- tearDownBrowser -->
        <test-method status="PASS" signature="setUpBrowser()[pri:0, instance:org.example.TestSuite@1f28c152]" name="setUpBrowser" is-config="true" duration-ms="6751" started-at="2022-01-17T17:44:24 GMT" finished-at="2022-01-17T17:44:30 GMT">
          <reporter-output>
          </reporter-output>
        </test-method> <!-- setUpBrowser -->
        <test-method status="PASS" signature="verifyUserShouldBeAbleToRegisterSuccessfully()[pri:0, instance:org.example.TestSuite@1f28c152]" name="verifyUserShouldBeAbleToRegisterSuccessfully" duration-ms="5198" started-at="2022-01-17T17:44:30 GMT" finished-at="2022-01-17T17:44:35 GMT">
          <reporter-output>
          </reporter-output>
        </test-method> <!-- verifyUserShouldBeAbleToRegisterSuccessfully -->
        <test-method status="PASS" signature="tearDownBrowser(org.testng.ITestResult)[pri:0, instance:org.example.TestSuite@1f28c152]" name="tearDownBrowser" is-config="true" duration-ms="1307" started-at="2022-01-17T17:44:35 GMT" finished-at="2022-01-17T17:44:37 GMT">
          <params>
            <param index="0">
              <value>
                <![CDATA[[TestResult name=verifyUserShouldBeAbleToRegisterSuccessfully status=SUCCESS method=TestSuite.verifyUserShouldBeAbleToRegisterSuccessfully()[pri:0, instance:org.example.TestSuite@1f28c152] output={null}]]]>
              </value>
            </param>
          </params>
          <reporter-output>
          </reporter-output>
        </test-method> <!-- tearDownBrowser -->
      </class> <!-- org.example.TestSuite -->
    </test> <!-- Surefire test -->
  </suite> <!-- Surefire suite -->
</testng-results>
