<?xml version="1.0" encoding="UTF-8"?>
<testsuite xmlns:xsi="http://www.w3.org/2001/XMLSchema-instance" xsi:noNamespaceSchemaLocation="https://maven.apache.org/surefire/maven-surefire-plugin/xsd/surefire-test-report.xsd" name="TestSuite" time="73.349" tests="4" errors="0" skipped="0" failures="0">
  <properties>
[...]
</properties>
  <testcase name="verifyUserIsAbleToNavigateToTheDesktopPage" classname="org.example.TestSuite" time="3.251"/>
  <testcase name="verifyUserIsAbleToPostAComment" classname="org.example.TestSuite" time="3.462"/>
  <testcase name="verifyUserIsAbleToReferAProduct" classname="org.example.TestSuite" time="16.235"/>
  <testcase name="verifyUserShouldBeAbleToRegisterSuccessfully" classname="org.example.TestSuite" time="5.199"/>
</testsuite>